Arguments: 
  /usr/local/bin/node /usr/local/bin/yarn install

PATH: 
  /Users/user/Library/Android/sdk/platform-tools:/usr/local/bin:/usr/bin:/bin:/usr/sbin:/sbin

Yarn version: 
  1.16.0

Node version: 
  10.16.0

Platform: 
  darwin x64

Trace: 
  Error: read ECONNRESET
      at TLSWrap.onStreamRead (internal/stream_base_commons.js:111:27)

npm manifest: 
  {
    "name": "Apartament_filter",
    "version": "0.0.1",
    "description": "Apartament filter",
    "author": {
      "name": "Aleksey Shamyshev",
      "email": "freewargt@yandex.ru"
    },
    "license": "MIT",
    "main": "./lib",
    "devDependencies": {
      "babel-core": "^6.21.0",
      "babel-loader": "^6.2.10",
      "babel-plugin-react-require": "^3.0.0",
      "babel-plugin-transform-decorators-legacy": "^1.3.4",
      "babel-plugin-transform-runtime": "^6.15.0",
      "babel-preset-es2015": "^6.18.0",
      "babel-preset-react": "^6.16.0",
      "babel-preset-stage-1": "^6.16.0",
      "babel-runtime": "^6.20.0",
      "copy-webpack-plugin": "^4.0.1",
      "css-loader": "^0.26.1",
      "extract-text-webpack-plugin": "^1.0.1",
      "file-loader": "^0.9.0",
      "react-hot-loader": "^3.0.0-beta.6",
      "string-replace-loader": "^1.0.5",
      "style-loader": "^0.13.1",
      "svg-inline-loader": "^0.7.1",
      "url-loader": "^0.5.7",
      "webpack": "^1.14.0",
      "webpack-dev-server": "^1.16.2",
      "webpack-hot-middleware": "^2.15.0",
      "webpack-manifest-plugin": "^1.1.0",
      "webpack-md5-hash": "0.0.5",
      "webpack-module-hot-accept": "^1.0.4"
    },
    "dependencies": {
      "classnames": "^2.2.5",
      "iscroll": "^5.2.0",
      "leaflet": "^1.0.2",
      "react": "^15.4.2",
      "react-dom": "^15.4.2",
      "react-iscroll": "^1.1.1",
      "react-leaflet": "^1.1.0",
      "react-select": "^1.0.0-rc.2"
    },
    "repository": {
      "type": "git",
      "url": "git://github.com/username/repository.git"
    },
    "readme": "Apartament filter readme",
    "scripts": {
      "start": "node server.js",
      "build": "NODE_ENV=production webpack -p --progress --colors --config=webpack.config.prod.js"
    }
  }

yarn manifest: 
  No manifest

Lockfile: 
  No lockfile
